0 info it worked if it ends with ok
1 verbose cli [ '/usr/local/Cellar/node/7.4.0/bin/node',
1 verbose cli   '/usr/local/bin/npm',
1 verbose cli   'run',
1 verbose cli   'serve' ]
2 info using npm@4.0.5
3 info using node@v7.4.0
4 verbose run-script [ 'preserve', 'serve', 'postserve' ]
5 info lifecycle ansley_portfolio@1.0.0~preserve: ansley_portfolio@1.0.0
6 silly lifecycle ansley_portfolio@1.0.0~preserve: no script for preserve, continuing
7 info lifecycle ansley_portfolio@1.0.0~serve: ansley_portfolio@1.0.0
8 verbose lifecycle ansley_portfolio@1.0.0~serve: unsafe-perm in lifecycle true
9 verbose lifecycle ansley_portfolio@1.0.0~serve: PATH: /usr/local/lib/node_modules/npm/bin/node-gyp-bin:/Users/andrewwyckoff/Projects/ansley_portfolio/node_modules/.bin:/usr/local/bin:/usr/bin:/bin:/usr/sbin:/sbin:/usr/local/share/dotnet
10 verbose lifecycle ansley_portfolio@1.0.0~serve: CWD: /Users/andrewwyckoff/Projects/ansley_portfolio
11 silly lifecycle ansley_portfolio@1.0.0~serve: Args: [ '-c', 'npm run watch & live-server & npm open ./app/' ]
12 silly lifecycle ansley_portfolio@1.0.0~serve: Returned: code: 1  signal: null
13 info lifecycle ansley_portfolio@1.0.0~serve: Failed to exec serve script
14 verbose stack Error: ansley_portfolio@1.0.0 serve: `npm run watch & live-server & npm open ./app/`
14 verbose stack Exit status 1
14 verbose stack     at EventEmitter.<anonymous> (/usr/local/lib/node_modules/npm/lib/utils/lifecycle.js:279:16)
14 verbose stack     at emitTwo (events.js:106:13)
14 verbose stack     at EventEmitter.emit (events.js:191:7)
14 verbose stack     at ChildProcess.<anonymous> (/usr/local/lib/node_modules/npm/lib/utils/spawn.js:40:14)
14 verbose stack     at emitTwo (events.js:106:13)
14 verbose stack     at ChildProcess.emit (events.js:191:7)
14 verbose stack     at maybeClose (internal/child_process.js:885:16)
14 verbose stack     at Process.ChildProcess._handle.onexit (internal/child_process.js:226:5)
15 verbose pkgid ansley_portfolio@1.0.0
16 verbose cwd /Users/andrewwyckoff/Projects/ansley_portfolio
17 error Darwin 15.6.0
18 error argv "/usr/local/Cellar/node/7.4.0/bin/node" "/usr/local/bin/npm" "run" "serve"
19 error node v7.4.0
20 error npm  v4.0.5
21 error code ELIFECYCLE
22 error ansley_portfolio@1.0.0 serve: `npm run watch & live-server & npm open ./app/`
22 error Exit status 1
23 error Failed at the ansley_portfolio@1.0.0 serve script 'npm run watch & live-server & npm open ./app/'.
23 error Make sure you have the latest version of node.js and npm installed.
23 error If you do, this is most likely a problem with the ansley_portfolio package,
23 error not with npm itself.
23 error Tell the author that this fails on your system:
23 error     npm run watch & live-server & npm open ./app/
23 error You can get information on how to open an issue for this project with:
23 error     npm bugs ansley_portfolio
23 error Or if that isn't available, you can get their info via:
23 error     npm owner ls ansley_portfolio
23 error There is likely additional logging output above.
24 verbose exit [ 1, true ]
